{"D:\\FSD4\\Ecommerce\\Controllers\\product.controllers.js": {"path":"D:\\FSD4\\Ecommerce\\Controllers\\product.controllers.js","statementMap":{"0":{"start":{"line":1,"column":37},"end":{"line":1,"column":57}},"1":{"start":{"line":2,"column":9},"end":{"line":2,"column":21}},"2":{"start":{"line":3,"column":0},"end":{"line":15,"column":1}},"3":{"start":{"line":4,"column":4},"end":{"line":6,"column":5}},"4":{"start":{"line":5,"column":8},"end":{"line":5,"column":97}},"5":{"start":{"line":7,"column":45},"end":{"line":7,"column":53}},"6":{"start":{"line":8,"column":20},"end":{"line":8,"column":54}},"7":{"start":{"line":9,"column":4},"end":{"line":14,"column":6}},"8":{"start":{"line":10,"column":8},"end":{"line":10,"column":38}},"9":{"start":{"line":13,"column":8},"end":{"line":13,"column":78}},"10":{"start":{"line":16,"column":0},"end":{"line":64,"column":1}},"11":{"start":{"line":17,"column":33},"end":{"line":17,"column":42}},"12":{"start":{"line":18,"column":4},"end":{"line":18,"column":27}},"13":{"start":{"line":19,"column":4},"end":{"line":56,"column":5}},"14":{"start":{"line":20,"column":8},"end":{"line":24,"column":10}},"15":{"start":{"line":26,"column":9},"end":{"line":56,"column":5}},"16":{"start":{"line":27,"column":8},"end":{"line":34,"column":10}},"17":{"start":{"line":36,"column":9},"end":{"line":56,"column":5}},"18":{"start":{"line":37,"column":8},"end":{"line":43,"column":10}},"19":{"start":{"line":45,"column":9},"end":{"line":56,"column":5}},"20":{"start":{"line":46,"column":8},"end":{"line":52,"column":10}},"21":{"start":{"line":55,"column":8},"end":{"line":55,"column":41}},"22":{"start":{"line":57,"column":4},"end":{"line":63,"column":6}},"23":{"start":{"line":59,"column":8},"end":{"line":59,"column":26}},"24":{"start":{"line":62,"column":8},"end":{"line":62,"column":78}},"25":{"start":{"line":65,"column":0},"end":{"line":77,"column":1}},"26":{"start":{"line":66,"column":20},"end":{"line":66,"column":33}},"27":{"start":{"line":67,"column":4},"end":{"line":76,"column":6}},"28":{"start":{"line":69,"column":8},"end":{"line":71,"column":9}},"29":{"start":{"line":70,"column":12},"end":{"line":70,"column":64}},"30":{"start":{"line":72,"column":8},"end":{"line":72,"column":25}},"31":{"start":{"line":75,"column":8},"end":{"line":75,"column":78}},"32":{"start":{"line":78,"column":0},"end":{"line":90,"column":1}},"33":{"start":{"line":79,"column":8},"end":{"line":89,"column":10}},"34":{"start":{"line":85,"column":12},"end":{"line":85,"column":31}},"35":{"start":{"line":88,"column":12},"end":{"line":88,"column":112}},"36":{"start":{"line":91,"column":0},"end":{"line":104,"column":1}},"37":{"start":{"line":92,"column":4},"end":{"line":103,"column":6}},"38":{"start":{"line":99,"column":8},"end":{"line":99,"column":26}},"39":{"start":{"line":102,"column":8},"end":{"line":102,"column":108}},"40":{"start":{"line":105,"column":0},"end":{"line":118,"column":1}},"41":{"start":{"line":106,"column":20},"end":{"line":106,"column":33}},"42":{"start":{"line":107,"column":4},"end":{"line":117,"column":6}},"43":{"start":{"line":113,"column":8},"end":{"line":113,"column":63}},"44":{"start":{"line":116,"column":8},"end":{"line":116,"column":63}}},"fnMap":{"0":{"name":"(anonymous_0)","decl":{"start":{"line":3,"column":15},"end":{"line":3,"column":16}},"loc":{"start":{"line":3,"column":26},"end":{"line":15,"column":1}},"line":3},"1":{"name":"(anonymous_1)","decl":{"start":{"line":9,"column":33},"end":{"line":9,"column":34}},"loc":{"start":{"line":9,"column":42},"end":{"line":11,"column":5}},"line":9},"2":{"name":"(anonymous_2)","decl":{"start":{"line":12,"column":11},"end":{"line":12,"column":12}},"loc":{"start":{"line":12,"column":18},"end":{"line":14,"column":5}},"line":12},"3":{"name":"(anonymous_3)","decl":{"start":{"line":16,"column":16},"end":{"line":16,"column":17}},"loc":{"start":{"line":16,"column":27},"end":{"line":64,"column":1}},"line":16},"4":{"name":"(anonymous_4)","decl":{"start":{"line":58,"column":10},"end":{"line":58,"column":11}},"loc":{"start":{"line":58,"column":20},"end":{"line":60,"column":5}},"line":58},"5":{"name":"(anonymous_5)","decl":{"start":{"line":61,"column":11},"end":{"line":61,"column":12}},"loc":{"start":{"line":61,"column":18},"end":{"line":63,"column":5}},"line":61},"6":{"name":"(anonymous_6)","decl":{"start":{"line":65,"column":16},"end":{"line":65,"column":17}},"loc":{"start":{"line":65,"column":27},"end":{"line":77,"column":1}},"line":65},"7":{"name":"(anonymous_7)","decl":{"start":{"line":68,"column":10},"end":{"line":68,"column":11}},"loc":{"start":{"line":68,"column":19},"end":{"line":73,"column":5}},"line":68},"8":{"name":"(anonymous_8)","decl":{"start":{"line":74,"column":11},"end":{"line":74,"column":12}},"loc":{"start":{"line":74,"column":18},"end":{"line":76,"column":5}},"line":74},"9":{"name":"(anonymous_9)","decl":{"start":{"line":78,"column":34},"end":{"line":78,"column":35}},"loc":{"start":{"line":78,"column":45},"end":{"line":90,"column":1}},"line":78},"10":{"name":"(anonymous_10)","decl":{"start":{"line":84,"column":14},"end":{"line":84,"column":15}},"loc":{"start":{"line":84,"column":24},"end":{"line":86,"column":9}},"line":84},"11":{"name":"(anonymous_11)","decl":{"start":{"line":87,"column":15},"end":{"line":87,"column":16}},"loc":{"start":{"line":87,"column":22},"end":{"line":89,"column":9}},"line":87},"12":{"name":"(anonymous_12)","decl":{"start":{"line":91,"column":33},"end":{"line":91,"column":34}},"loc":{"start":{"line":91,"column":44},"end":{"line":104,"column":1}},"line":91},"13":{"name":"(anonymous_13)","decl":{"start":{"line":98,"column":10},"end":{"line":98,"column":11}},"loc":{"start":{"line":98,"column":19},"end":{"line":100,"column":5}},"line":98},"14":{"name":"(anonymous_14)","decl":{"start":{"line":101,"column":11},"end":{"line":101,"column":12}},"loc":{"start":{"line":101,"column":18},"end":{"line":103,"column":5}},"line":101},"15":{"name":"(anonymous_15)","decl":{"start":{"line":105,"column":15},"end":{"line":105,"column":16}},"loc":{"start":{"line":105,"column":26},"end":{"line":118,"column":1}},"line":105},"16":{"name":"(anonymous_16)","decl":{"start":{"line":112,"column":10},"end":{"line":112,"column":11}},"loc":{"start":{"line":112,"column":18},"end":{"line":114,"column":5}},"line":112},"17":{"name":"(anonymous_17)","decl":{"start":{"line":115,"column":11},"end":{"line":115,"column":12}},"loc":{"start":{"line":115,"column":18},"end":{"line":117,"column":5}},"line":115}},"branchMap":{"0":{"loc":{"start":{"line":4,"column":4},"end":{"line":6,"column":5}},"type":"if","locations":[{"start":{"line":4,"column":4},"end":{"line":6,"column":5}},{"start":{},"end":{}}],"line":4},"1":{"loc":{"start":{"line":13,"column":38},"end":{"line":13,"column":75}},"type":"binary-expr","locations":[{"start":{"line":13,"column":38},"end":{"line":13,"column":49}},{"start":{"line":13,"column":53},"end":{"line":13,"column":75}}],"line":13},"2":{"loc":{"start":{"line":19,"column":4},"end":{"line":56,"column":5}},"type":"if","locations":[{"start":{"line":19,"column":4},"end":{"line":56,"column":5}},{"start":{"line":26,"column":9},"end":{"line":56,"column":5}}],"line":19},"3":{"loc":{"start":{"line":26,"column":9},"end":{"line":56,"column":5}},"type":"if","locations":[{"start":{"line":26,"column":9},"end":{"line":56,"column":5}},{"start":{"line":36,"column":9},"end":{"line":56,"column":5}}],"line":26},"4":{"loc":{"start":{"line":26,"column":12},"end":{"line":26,"column":30}},"type":"binary-expr","locations":[{"start":{"line":26,"column":12},"end":{"line":26,"column":19}},{"start":{"line":26,"column":23},"end":{"line":26,"column":30}}],"line":26},"5":{"loc":{"start":{"line":36,"column":9},"end":{"line":56,"column":5}},"type":"if","locations":[{"start":{"line":36,"column":9},"end":{"line":56,"column":5}},{"start":{"line":45,"column":9},"end":{"line":56,"column":5}}],"line":36},"6":{"loc":{"start":{"line":45,"column":9},"end":{"line":56,"column":5}},"type":"if","locations":[{"start":{"line":45,"column":9},"end":{"line":56,"column":5}},{"start":{"line":54,"column":8},"end":{"line":56,"column":5}}],"line":45},"7":{"loc":{"start":{"line":62,"column":38},"end":{"line":62,"column":75}},"type":"binary-expr","locations":[{"start":{"line":62,"column":38},"end":{"line":62,"column":49}},{"start":{"line":62,"column":53},"end":{"line":62,"column":75}}],"line":62},"8":{"loc":{"start":{"line":69,"column":8},"end":{"line":71,"column":9}},"type":"if","locations":[{"start":{"line":69,"column":8},"end":{"line":71,"column":9}},{"start":{},"end":{}}],"line":69},"9":{"loc":{"start":{"line":75,"column":38},"end":{"line":75,"column":75}},"type":"binary-expr","locations":[{"start":{"line":75,"column":38},"end":{"line":75,"column":49}},{"start":{"line":75,"column":53},"end":{"line":75,"column":75}}],"line":75}},"s":{"0":1,"1":1,"2":1,"3":3,"4":1,"5":2,"6":2,"7":2,"8":1,"9":1,"10":1,"11":0,"12":0,"13":0,"14":0,"15":0,"16":0,"17":0,"18":0,"19":0,"20":0,"21":0,"22":0,"23":0,"24":0,"25":1,"26":0,"27":0,"28":0,"29":0,"30":0,"31":0,"32":1,"33":0,"34":0,"35":0,"36":1,"37":0,"38":0,"39":0,"40":1,"41":0,"42":0,"43":0,"44":0},"f":{"0":3,"1":1,"2":1,"3":0,"4":0,"5":0,"6":0,"7":0,"8":0,"9":0,"10":0,"11":0,"12":0,"13":0,"14":0,"15":0,"16":0,"17":0},"b":{"0":[1,2],"1":[1,0],"2":[0,0],"3":[0,0],"4":[0,0],"5":[0,0],"6":[0,0],"7":[0,0],"8":[0,0],"9":[0,0]},"_coverageSchema":"1a1c01bbd47fc00a2c39e90264f33305004495a9","hash":"508bd46bc5fe663db1e5a97095705bf2281b64b8"}
,"D:\\FSD4\\Ecommerce\\configs\\db.config.js": {"path":"D:\\FSD4\\Ecommerce\\configs\\db.config.js","statementMap":{"0":{"start":{"line":1,"column":0},"end":{"line":13,"column":4}}},"fnMap":{},"branchMap":{},"s":{"0":1},"f":{},"b":{},"_coverageSchema":"1a1c01bbd47fc00a2c39e90264f33305004495a9","hash":"ed31e27bc03ef00b904c534a3d50b3bbcef22d78"}
,"D:\\FSD4\\Ecommerce\\models\\category.model.js": {"path":"D:\\FSD4\\Ecommerce\\models\\category.model.js","statementMap":{"0":{"start":{"line":3,"column":0},"end":{"line":23,"column":1}},"1":{"start":{"line":4,"column":20},"end":{"line":20,"column":6}},"2":{"start":{"line":22,"column":4},"end":{"line":22,"column":20}}},"fnMap":{"0":{"name":"(anonymous_0)","decl":{"start":{"line":3,"column":17},"end":{"line":3,"column":18}},"loc":{"start":{"line":3,"column":40},"end":{"line":23,"column":1}},"line":3}},"branchMap":{},"s":{"0":1,"1":1,"2":1},"f":{"0":1},"b":{},"_coverageSchema":"1a1c01bbd47fc00a2c39e90264f33305004495a9","hash":"1a72c617656b65d70d3828d8f6ca960e6a23f1ac"}
,"D:\\FSD4\\Ecommerce\\models\\index.js": {"path":"D:\\FSD4\\Ecommerce\\models\\index.js","statementMap":{"0":{"start":{"line":1,"column":13},"end":{"line":1,"column":44}},"1":{"start":{"line":2,"column":18},"end":{"line":2,"column":38}},"2":{"start":{"line":4,"column":18},"end":{"line":19,"column":1}},"3":{"start":{"line":21,"column":9},"end":{"line":21,"column":11}},"4":{"start":{"line":23,"column":0},"end":{"line":23,"column":23}},"5":{"start":{"line":24,"column":0},"end":{"line":24,"column":23}},"6":{"start":{"line":25,"column":0},"end":{"line":25,"column":62}},"7":{"start":{"line":26,"column":0},"end":{"line":26,"column":60}},"8":{"start":{"line":27,"column":0},"end":{"line":27,"column":55}},"9":{"start":{"line":28,"column":0},"end":{"line":28,"column":55}},"10":{"start":{"line":29,"column":0},"end":{"line":31,"column":3}},"11":{"start":{"line":32,"column":0},"end":{"line":32,"column":34}},"12":{"start":{"line":33,"column":0},"end":{"line":35,"column":3}},"13":{"start":{"line":36,"column":0},"end":{"line":38,"column":3}},"14":{"start":{"line":39,"column":0},"end":{"line":39,"column":28}},"15":{"start":{"line":40,"column":0},"end":{"line":40,"column":18}}},"fnMap":{},"branchMap":{},"s":{"0":1,"1":1,"2":1,"3":1,"4":1,"5":1,"6":1,"7":1,"8":1,"9":1,"10":1,"11":1,"12":1,"13":1,"14":1,"15":1},"f":{},"b":{},"_coverageSchema":"1a1c01bbd47fc00a2c39e90264f33305004495a9","hash":"cb8f2d9d88ba623e281ec51b84c2b9148beac343"}
,"D:\\FSD4\\Ecommerce\\models\\product.model.js": {"path":"D:\\FSD4\\Ecommerce\\models\\product.model.js","statementMap":{"0":{"start":{"line":3,"column":0},"end":{"line":30,"column":1}},"1":{"start":{"line":5,"column":20},"end":{"line":27,"column":6}},"2":{"start":{"line":29,"column":4},"end":{"line":29,"column":19}}},"fnMap":{"0":{"name":"(anonymous_0)","decl":{"start":{"line":3,"column":17},"end":{"line":3,"column":18}},"loc":{"start":{"line":3,"column":40},"end":{"line":30,"column":1}},"line":3}},"branchMap":{},"s":{"0":1,"1":1,"2":1},"f":{"0":1},"b":{},"_coverageSchema":"1a1c01bbd47fc00a2c39e90264f33305004495a9","hash":"d850875867df2ec8b493d3801c113e632889c665"}
,"D:\\FSD4\\Ecommerce\\models\\role.model.js": {"path":"D:\\FSD4\\Ecommerce\\models\\role.model.js","statementMap":{"0":{"start":{"line":1,"column":0},"end":{"line":14,"column":2}},"1":{"start":{"line":2,"column":15},"end":{"line":12,"column":6}},"2":{"start":{"line":13,"column":4},"end":{"line":13,"column":16}}},"fnMap":{"0":{"name":"(anonymous_0)","decl":{"start":{"line":1,"column":17},"end":{"line":1,"column":18}},"loc":{"start":{"line":1,"column":40},"end":{"line":14,"column":1}},"line":1}},"branchMap":{},"s":{"0":1,"1":1,"2":1},"f":{"0":1},"b":{},"_coverageSchema":"1a1c01bbd47fc00a2c39e90264f33305004495a9","hash":"277fab3461e623008b030d175ef1cd5ebee86e5f"}
,"D:\\FSD4\\Ecommerce\\models\\user.model.js": {"path":"D:\\FSD4\\Ecommerce\\models\\user.model.js","statementMap":{"0":{"start":{"line":1,"column":33},"end":{"line":1,"column":45}},"1":{"start":{"line":3,"column":0},"end":{"line":24,"column":1}},"2":{"start":{"line":4,"column":15},"end":{"line":22,"column":6}},"3":{"start":{"line":23,"column":4},"end":{"line":23,"column":16}}},"fnMap":{"0":{"name":"(anonymous_0)","decl":{"start":{"line":3,"column":17},"end":{"line":3,"column":18}},"loc":{"start":{"line":3,"column":40},"end":{"line":24,"column":1}},"line":3}},"branchMap":{},"s":{"0":1,"1":1,"2":1,"3":1},"f":{"0":1},"b":{},"_coverageSchema":"1a1c01bbd47fc00a2c39e90264f33305004495a9","hash":"6cf577e676994354d913a43766f79a81642c1040"}
,"D:\\FSD4\\Ecommerce\\tests\\unit\\interceptor.js": {"path":"D:\\FSD4\\Ecommerce\\tests\\unit\\interceptor.js","statementMap":{"0":{"start":{"line":1,"column":0},"end":{"line":17,"column":1}},"1":{"start":{"line":3,"column":18},"end":{"line":3,"column":20}},"2":{"start":{"line":4,"column":8},"end":{"line":4,"column":48}},"3":{"start":{"line":5,"column":8},"end":{"line":5,"column":50}},"4":{"start":{"line":6,"column":8},"end":{"line":6,"column":49}},"5":{"start":{"line":7,"column":8},"end":{"line":7,"column":51}},"6":{"start":{"line":8,"column":8},"end":{"line":8,"column":19}},"7":{"start":{"line":11,"column":18},"end":{"line":11,"column":20}},"8":{"start":{"line":12,"column":8},"end":{"line":12,"column":48}},"9":{"start":{"line":13,"column":8},"end":{"line":13,"column":50}},"10":{"start":{"line":14,"column":8},"end":{"line":14,"column":48}},"11":{"start":{"line":15,"column":8},"end":{"line":15,"column":19}}},"fnMap":{"0":{"name":"(anonymous_0)","decl":{"start":{"line":2,"column":16},"end":{"line":2,"column":17}},"loc":{"start":{"line":2,"column":20},"end":{"line":9,"column":5}},"line":2},"1":{"name":"(anonymous_1)","decl":{"start":{"line":10,"column":17},"end":{"line":10,"column":18}},"loc":{"start":{"line":10,"column":21},"end":{"line":16,"column":5}},"line":10}},"branchMap":{},"s":{"0":1,"1":3,"2":3,"3":3,"4":3,"5":3,"6":3,"7":3,"8":3,"9":3,"10":3,"11":3},"f":{"0":3,"1":3},"b":{},"_coverageSchema":"1a1c01bbd47fc00a2c39e90264f33305004495a9","hash":"dd2aac1efc9bfd764961137748d597cb825a8b2f"}
}
